
> basket-metrics@0.1.0 dev
> next dev -H 0.0.0.0

▲ Next.js 16.1.6 (Turbopack)
- Local:         http://localhost:3000
- Network:       http://0.0.0.0:3000

✓ Starting...
⚠ The "middleware" file convention is deprecated. Please use "proxy" instead. Learn more: https://nextjs.org/docs/messages/middleware-to-proxy
✓ Ready in 2.9s
Advertencia: JWT_SECRET no está definido, usando valor por defecto inseguro.
○ Compiling /panel/tracker/[sessionId] ...
 GET /panel/tracker/dummy_session 200 in 7.9s (compile: 7.5s, proxy.ts: 118ms, render: 315ms)
⨯ Error: Por favor, define la variable de entorno MONGODB_URI dentro de .env.local
    at module evaluation (src/lib/dbConnect.ts:7:9)
    at module evaluation (src/app/api/auth/me/route.ts:4:1)
    at Object.<anonymous> (.next/dev/server/app/api/auth/me/route.js:5:3)
   5 |
   6 | if (!MONGODB_URI) {
>  7 |   throw new Error(
     |         ^
   8 |     'Por favor, define la variable de entorno MONGODB_URI dentro de .env.local',
   9 |   );
  10 | } {
  page: '/api/auth/me'
}
 GET /api/auth/me 500 in 2.5s (compile: 2.3s, render: 169ms)
 GET /login 200 in 735ms (compile: 702ms, render: 33ms)
 GET / 200 in 705ms (compile: 573ms, render: 132ms)
Advertencia: JWT_SECRET no está definido, usando valor por defecto inseguro.
 GET /panel/tracker/dummy_session 200 in 235ms (compile: 38ms, proxy.ts: 13ms, render: 184ms)
⨯ Error: Por favor, define la variable de entorno MONGODB_URI dentro de .env.local
    at module evaluation (src/lib/dbConnect.ts:7:9)
    at module evaluation (src/app/api/auth/me/route.ts:4:1)
    at Object.<anonymous> (.next/dev/server/app/api/auth/me/route.js:5:3)
   5 |
   6 | if (!MONGODB_URI) {
>  7 |   throw new Error(
     |         ^
   8 |     'Por favor, define la variable de entorno MONGODB_URI dentro de .env.local',
   9 |   );
  10 | } {
  page: '/api/auth/me'
}
 GET /api/auth/me 500 in 122ms (compile: 106ms, render: 16ms)
 GET /login 200 in 34ms (compile: 5ms, render: 29ms)
Advertencia: JWT_SECRET no está definido, usando valor por defecto inseguro.
 GET /panel/tracker/dummy_session 200 in 267ms (compile: 70ms, proxy.ts: 12ms, render: 185ms)
⨯ Error: Por favor, define la variable de entorno MONGODB_URI dentro de .env.local
    at module evaluation (src/lib/dbConnect.ts:7:9)
    at module evaluation (src/app/api/auth/me/route.ts:4:1)
    at Object.<anonymous> (.next/dev/server/app/api/auth/me/route.js:5:3)
   5 |
   6 | if (!MONGODB_URI) {
>  7 |   throw new Error(
     |         ^
   8 |     'Por favor, define la variable de entorno MONGODB_URI dentro de .env.local',
   9 |   );
  10 | } {
  page: '/api/auth/me'
}
 GET /api/auth/me 500 in 109ms (compile: 93ms, render: 16ms)
 GET /login 200 in 40ms (compile: 5ms, render: 35ms)
Advertencia: JWT_SECRET no está definido, usando valor por defecto inseguro.
 GET /panel/tracker/dummy_session 200 in 117ms (compile: 31ms, proxy.ts: 7ms, render: 78ms)
